<?xml version="1.0" encoding="UTF-8"?>
<!-- Generated by org.testng.reporters.JUnitReportReporter -->
<testsuite hostname="DESKTOP-QPVJ0NK" failures="0" tests="1" name="com.fb.qa.testcases.SignUpPageTest" time="5.208" errors="0" timestamp="2022-08-17T19:43:15 BST" skipped="0">
  <testcase classname="com.fb.qa.testcases.SignUpPageTest" name="createNewAccountTest" time="5.208"/>
  <system-out/>
</testsuite> <!-- com.fb.qa.testcases.SignUpPageTest -->
